app/build/intermediates/manifest_merge_blame_file/debug/processDebugMainManifest/manifest-merger-blame-debug-report.txt
1<?xml version="1.0" encoding="utf-8"?>
2<manifest xmlns:android="http://schemas.android.com/apk/res/android"
3    package="com.mountaincrab.crabdo"
4    android:versionCode="1"
5    android:versionName="1.0" >
6
7    <uses-sdk
8        android:minSdkVersion="26"
9        android:targetSdkVersion="35" />
10
11    <!-- Permissions -->
12    <uses-permission android:name="android.permission.INTERNET" />
12-->src/main/AndroidManifest.xml:5:5-67
12-->src/main/AndroidManifest.xml:5:22-64
13    <uses-permission android:name="android.permission.RECEIVE_BOOT_COMPLETED" />
13-->src/main/AndroidManifest.xml:6:5-81
13-->src/main/AndroidManifest.xml:6:22-78
14    <uses-permission android:name="android.permission.WAKE_LOCK" />
14-->src/main/AndroidManifest.xml:7:5-68
14-->src/main/AndroidManifest.xml:7:22-65
15    <uses-permission android:name="android.permission.SCHEDULE_EXACT_ALARM" />
15-->src/main/AndroidManifest.xml:8:5-79
15-->src/main/AndroidManifest.xml:8:22-76
16    <uses-permission android:name="android.permission.USE_FULL_SCREEN_INTENT" />
16-->src/main/AndroidManifest.xml:9:5-81
16-->src/main/AndroidManifest.xml:9:22-78
17    <uses-permission android:name="android.permission.POST_NOTIFICATIONS" />
17-->src/main/AndroidManifest.xml:10:5-77
17-->src/main/AndroidManifest.xml:10:22-74
18    <uses-permission android:name="android.permission.FOREGROUND_SERVICE" />
18-->src/main/AndroidManifest.xml:11:5-77
18-->src/main/AndroidManifest.xml:11:22-74
19    <uses-permission android:name="android.permission.FOREGROUND_SERVICE_SPECIAL_USE" />
19-->src/main/AndroidManifest.xml:12:5-89
19-->src/main/AndroidManifest.xml:12:22-86
20    <uses-permission android:name="android.permission.ACCESS_NETWORK_STATE" />
20-->[androidx.work:work-runtime:2.10.0] AndroidManifest.xml:24:5-79
20-->[androidx.work:work-runtime:2.10.0] AndroidManifest.xml:24:22-76
21    <uses-permission android:name="com.google.android.providers.gsf.permission.READ_GSERVICES" />
21-->[com.google.android.recaptcha:recaptcha:18.5.1] AndroidManifest.xml:9:5-98
21-->[com.google.android.recaptcha:recaptcha:18.5.1] AndroidManifest.xml:9:22-95
22
23    <permission
23-->[androidx.core:core:1.15.0] AndroidManifest.xml:22:5-24:47
24        android:name="com.mountaincrab.crabdo.DYNAMIC_RECEIVER_NOT_EXPORTED_PERMISSION"
24-->[androidx.core:core:1.15.0] AndroidManifest.xml:23:9-81
25        android:protectionLevel="signature" />
25-->[androidx.core:core:1.15.0] AndroidManifest.xml:24:9-44
26
27    <uses-permission android:name="com.mountaincrab.crabdo.DYNAMIC_RECEIVER_NOT_EXPORTED_PERMISSION" />
27-->[androidx.core:core:1.15.0] AndroidManifest.xml:26:5-97
27-->[androidx.core:core:1.15.0] AndroidManifest.xml:26:22-94
28
29    <application
29-->src/main/AndroidManifest.xml:14:5-77:19
30        android:name="com.mountaincrab.crabdo.KanbanApplication"
30-->src/main/AndroidManifest.xml:15:9-42
31        android:allowBackup="true"
31-->src/main/AndroidManifest.xml:16:9-35
32        android:appComponentFactory="androidx.core.app.CoreComponentFactory"
32-->[androidx.core:core:1.15.0] AndroidManifest.xml:28:18-86
33        android:debuggable="true"
34        android:extractNativeLibs="false"
35        android:icon="@mipmap/ic_launcher"
35-->src/main/AndroidManifest.xml:17:9-43
36        android:label="@string/app_name"
36-->src/main/AndroidManifest.xml:18:9-41
37        android:roundIcon="@mipmap/ic_launcher_round"
37-->src/main/AndroidManifest.xml:19:9-54
38        android:supportsRtl="true"
38-->src/main/AndroidManifest.xml:20:9-35
39        android:testOnly="true"
40        android:theme="@style/Theme.Crabban"
40-->src/main/AndroidManifest.xml:21:9-45
41        android:usesCleartextTraffic="true" >
41-->src/main/AndroidManifest.xml:22:9-44
42        <activity
42-->src/main/AndroidManifest.xml:24:9-33:20
43            android:name="com.mountaincrab.crabdo.MainActivity"
43-->src/main/AndroidManifest.xml:25:13-41
44            android:exported="true"
44-->src/main/AndroidManifest.xml:26:13-36
45            android:theme="@style/Theme.Crabban"
45-->src/main/AndroidManifest.xml:28:13-49
46            android:windowSoftInputMode="adjustResize" >
46-->src/main/AndroidManifest.xml:27:13-55
47            <intent-filter>
47-->src/main/AndroidManifest.xml:29:13-32:29
48                <action android:name="android.intent.action.MAIN" />
48-->src/main/AndroidManifest.xml:30:17-69
48-->src/main/AndroidManifest.xml:30:25-66
49
50                <category android:name="android.intent.category.LAUNCHER" />
50-->src/main/AndroidManifest.xml:31:17-77
50-->src/main/AndroidManifest.xml:31:27-74
51            </intent-filter>
52        </activity>
53
54        <!-- Full-screen alarm alert activity -->
55        <activity
55-->src/main/AndroidManifest.xml:36:9-41:59
56            android:name="com.mountaincrab.crabdo.alarm.AlarmAlertActivity"
56-->src/main/AndroidManifest.xml:37:13-53
57            android:exported="false"
57-->src/main/AndroidManifest.xml:38:13-37
58            android:showOnLockScreen="true"
58-->src/main/AndroidManifest.xml:39:13-44
59            android:theme="@style/Theme.App.Fullscreen"
59-->src/main/AndroidManifest.xml:41:13-56
60            android:turnScreenOn="true" />
60-->src/main/AndroidManifest.xml:40:13-40
61
62        <!-- Alarm receiver -->
63        <receiver
63-->src/main/AndroidManifest.xml:44:9-52:20
64            android:name="com.mountaincrab.crabdo.alarm.ReminderReceiver"
64-->src/main/AndroidManifest.xml:45:13-51
65            android:exported="false" >
65-->src/main/AndroidManifest.xml:46:13-37
66            <intent-filter>
66-->src/main/AndroidManifest.xml:47:13-51:29
67                <action android:name="com.mountaincrab.crabdo.ACTION_FIRE_REMINDER" />
67-->src/main/AndroidManifest.xml:48:17-87
67-->src/main/AndroidManifest.xml:48:25-84
68                <action android:name="com.mountaincrab.crabdo.ACTION_DISMISS" />
68-->src/main/AndroidManifest.xml:49:17-81
68-->src/main/AndroidManifest.xml:49:25-78
69                <action android:name="com.mountaincrab.crabdo.ACTION_SNOOZE" />
69-->src/main/AndroidManifest.xml:50:17-80
69-->src/main/AndroidManifest.xml:50:25-77
70            </intent-filter>
71        </receiver>
72
73        <!-- Boot receiver -->
74        <receiver
74-->src/main/AndroidManifest.xml:55:9-65:20
75            android:name="com.mountaincrab.crabdo.alarm.BootReceiver"
75-->src/main/AndroidManifest.xml:56:13-47
76            android:exported="true" >
76-->src/main/AndroidManifest.xml:57:13-36
77            <intent-filter>
77-->src/main/AndroidManifest.xml:58:13-64:29
78                <action android:name="android.intent.action.BOOT_COMPLETED" />
78-->src/main/AndroidManifest.xml:59:17-79
78-->src/main/AndroidManifest.xml:59:25-76
79                <action android:name="android.intent.action.LOCKED_BOOT_COMPLETED" />
79-->src/main/AndroidManifest.xml:60:17-86
79-->src/main/AndroidManifest.xml:60:25-83
80                <action android:name="android.intent.action.MY_PACKAGE_REPLACED" />
80-->src/main/AndroidManifest.xml:61:17-84
80-->src/main/AndroidManifest.xml:61:25-81
81                <action android:name="android.intent.action.TIMEZONE_CHANGED" />
81-->src/main/AndroidManifest.xml:62:17-81
81-->src/main/AndroidManifest.xml:62:25-78
82                <action android:name="android.intent.action.TIME_SET" />
82-->src/main/AndroidManifest.xml:63:17-73
82-->src/main/AndroidManifest.xml:63:25-70
83            </intent-filter>
84        </receiver>
85
86        <!-- Disable default WorkManager initializer so Hilt can configure it -->
87        <provider
88            android:name="androidx.startup.InitializationProvider"
88-->src/main/AndroidManifest.xml:69:13-67
89            android:authorities="com.mountaincrab.crabdo.androidx-startup"
89-->src/main/AndroidManifest.xml:70:13-68
90            android:exported="false" >
90-->src/main/AndroidManifest.xml:71:13-37
91            <meta-data
91-->src/main/AndroidManifest.xml:72:13-74:52
92                android:name="androidx.work.impl.WorkManagerInitializer"
92-->src/main/AndroidManifest.xml:73:17-73
93                android:value="androidx.startup" />
93-->src/main/AndroidManifest.xml:74:17-49
94            <meta-data
94-->[androidx.work:work-runtime:2.10.0] AndroidManifest.xml:34:13-36:52
95                android:name="androidx.work.WorkManagerInitializer"
95-->[androidx.work:work-runtime:2.10.0] AndroidManifest.xml:35:17-68
96                android:value="androidx.startup" />
96-->[androidx.work:work-runtime:2.10.0] AndroidManifest.xml:36:17-49
97            <meta-data
97-->[androidx.emoji2:emoji2:1.3.0] AndroidManifest.xml:29:13-31:52
98                android:name="androidx.emoji2.text.EmojiCompatInitializer"
98-->[androidx.emoji2:emoji2:1.3.0] AndroidManifest.xml:30:17-75
99                android:value="androidx.startup" />
99-->[androidx.emoji2:emoji2:1.3.0] AndroidManifest.xml:31:17-49
100            <meta-data
100-->[androidx.lifecycle:lifecycle-process:2.8.7] AndroidManifest.xml:29:13-31:52
101                android:name="androidx.lifecycle.ProcessLifecycleInitializer"
101-->[androidx.lifecycle:lifecycle-process:2.8.7] AndroidManifest.xml:30:17-78
102                android:value="androidx.startup" />
102-->[androidx.lifecycle:lifecycle-process:2.8.7] AndroidManifest.xml:31:17-49
103            <meta-data
103-->[androidx.profileinstaller:profileinstaller:1.3.1] AndroidManifest.xml:29:13-31:52
104                android:name="androidx.profileinstaller.ProfileInstallerInitializer"
104-->[androidx.profileinstaller:profileinstaller:1.3.1] AndroidManifest.xml:30:17-85
105                android:value="androidx.startup" />
105-->[androidx.profileinstaller:profileinstaller:1.3.1] AndroidManifest.xml:31:17-49
106        </provider>
107
108        <service
108-->[androidx.work:work-runtime:2.10.0] AndroidManifest.xml:39:9-45:35
109            android:name="androidx.work.impl.background.systemalarm.SystemAlarmService"
109-->[androidx.work:work-runtime:2.10.0] AndroidManifest.xml:40:13-88
110            android:directBootAware="false"
110-->[androidx.work:work-runtime:2.10.0] AndroidManifest.xml:41:13-44
111            android:enabled="@bool/enable_system_alarm_service_default"
111-->[androidx.work:work-runtime:2.10.0] AndroidManifest.xml:42:13-72
112            android:exported="false" />
112-->[androidx.work:work-runtime:2.10.0] AndroidManifest.xml:43:13-37
113        <service
113-->[androidx.work:work-runtime:2.10.0] AndroidManifest.xml:46:9-52:35
114            android:name="androidx.work.impl.background.systemjob.SystemJobService"
114-->[androidx.work:work-runtime:2.10.0] AndroidManifest.xml:47:13-84
115            android:directBootAware="false"
115-->[androidx.work:work-runtime:2.10.0] AndroidManifest.xml:48:13-44
116            android:enabled="@bool/enable_system_job_service_default"
116-->[androidx.work:work-runtime:2.10.0] AndroidManifest.xml:49:13-70
117            android:exported="true"
117-->[androidx.work:work-runtime:2.10.0] AndroidManifest.xml:50:13-36
118            android:permission="android.permission.BIND_JOB_SERVICE" />
118-->[androidx.work:work-runtime:2.10.0] AndroidManifest.xml:51:13-69
119        <service
119-->[androidx.work:work-runtime:2.10.0] AndroidManifest.xml:53:9-59:35
120            android:name="androidx.work.impl.foreground.SystemForegroundService"
120-->[androidx.work:work-runtime:2.10.0] AndroidManifest.xml:54:13-81
121            android:directBootAware="false"
121-->[androidx.work:work-runtime:2.10.0] AndroidManifest.xml:55:13-44
122            android:enabled="@bool/enable_system_foreground_service_default"
122-->[androidx.work:work-runtime:2.10.0] AndroidManifest.xml:56:13-77
123            android:exported="false" />
123-->[androidx.work:work-runtime:2.10.0] AndroidManifest.xml:57:13-37
124
125        <receiver
125-->[androidx.work:work-runtime:2.10.0] AndroidManifest.xml:61:9-66:35
126            android:name="androidx.work.impl.utils.ForceStopRunnable$BroadcastReceiver"
126-->[androidx.work:work-runtime:2.10.0] AndroidManifest.xml:62:13-88
127            android:directBootAware="false"
127-->[androidx.work:work-runtime:2.10.0] AndroidManifest.xml:63:13-44
128            android:enabled="true"
128-->[androidx.work:work-runtime:2.10.0] AndroidManifest.xml:64:13-35
129            android:exported="false" />
129-->[androidx.work:work-runtime:2.10.0] AndroidManifest.xml:65:13-37
130        <receiver
130-->[androidx.work:work-runtime:2.10.0] AndroidManifest.xml:67:9-77:20
131            android:name="androidx.work.impl.background.systemalarm.ConstraintProxy$BatteryChargingProxy"
131-->[androidx.work:work-runtime:2.10.0] AndroidManifest.xml:68:13-106
132            android:directBootAware="false"
132-->[androidx.work:work-runtime:2.10.0] AndroidManifest.xml:69:13-44
133            android:enabled="false"
133-->[androidx.work:work-runtime:2.10.0] AndroidManifest.xml:70:13-36
134            android:exported="false" >
134-->[androidx.work:work-runtime:2.10.0] AndroidManifest.xml:71:13-37
135            <intent-filter>
135-->[androidx.work:work-runtime:2.10.0] AndroidManifest.xml:73:13-76:29
136                <action android:name="android.intent.action.ACTION_POWER_CONNECTED" />
136-->[androidx.work:work-runtime:2.10.0] AndroidManifest.xml:74:17-87
136-->[androidx.work:work-runtime:2.10.0] AndroidManifest.xml:74:25-84
137                <action android:name="android.intent.action.ACTION_POWER_DISCONNECTED" />
137-->[androidx.work:work-runtime:2.10.0] AndroidManifest.xml:75:17-90
137-->[androidx.work:work-runtime:2.10.0] AndroidManifest.xml:75:25-87
138            </intent-filter>
139        </receiver>
140        <receiver
140-->[androidx.work:work-runtime:2.10.0] AndroidManifest.xml:78:9-88:20
141            android:name="androidx.work.impl.background.systemalarm.ConstraintProxy$BatteryNotLowProxy"
141-->[androidx.work:work-runtime:2.10.0] AndroidManifest.xml:79:13-104
142            android:directBootAware="false"
142-->[androidx.work:work-runtime:2.10.0] AndroidManifest.xml:80:13-44
143            android:enabled="false"
143-->[androidx.work:work-runtime:2.10.0] AndroidManifest.xml:81:13-36
144            android:exported="false" >
144-->[androidx.work:work-runtime:2.10.0] AndroidManifest.xml:82:13-37
145            <intent-filter>
145-->[androidx.work:work-runtime:2.10.0] AndroidManifest.xml:84:13-87:29
146                <action android:name="android.intent.action.BATTERY_OKAY" />
146-->[androidx.work:work-runtime:2.10.0] AndroidManifest.xml:85:17-77
146-->[androidx.work:work-runtime:2.10.0] AndroidManifest.xml:85:25-74
147                <action android:name="android.intent.action.BATTERY_LOW" />
147-->[androidx.work:work-runtime:2.10.0] AndroidManifest.xml:86:17-76
147-->[androidx.work:work-runtime:2.10.0] AndroidManifest.xml:86:25-73
148            </intent-filter>
149        </receiver>
150        <receiver
150-->[androidx.work:work-runtime:2.10.0] AndroidManifest.xml:89:9-99:20
151            android:name="androidx.work.impl.background.systemalarm.ConstraintProxy$StorageNotLowProxy"
151-->[androidx.work:work-runtime:2.10.0] AndroidManifest.xml:90:13-104
152            android:directBootAware="false"
152-->[androidx.work:work-runtime:2.10.0] AndroidManifest.xml:91:13-44
153            android:enabled="false"
153-->[androidx.work:work-runtime:2.10.0] AndroidManifest.xml:92:13-36
154            android:exported="false" >
154-->[androidx.work:work-runtime:2.10.0] AndroidManifest.xml:93:13-37
155            <intent-filter>
155-->[androidx.work:work-runtime:2.10.0] AndroidManifest.xml:95:13-98:29
156                <action android:name="android.intent.action.DEVICE_STORAGE_LOW" />
156-->[androidx.work:work-runtime:2.10.0] AndroidManifest.xml:96:17-83
156-->[androidx.work:work-runtime:2.10.0] AndroidManifest.xml:96:25-80
157                <action android:name="android.intent.action.DEVICE_STORAGE_OK" />
157-->[androidx.work:work-runtime:2.10.0] AndroidManifest.xml:97:17-82
157-->[androidx.work:work-runtime:2.10.0] AndroidManifest.xml:97:25-79
158            </intent-filter>
159        </receiver>
160        <receiver
160-->[androidx.work:work-runtime:2.10.0] AndroidManifest.xml:100:9-109:20
161            android:name="androidx.work.impl.background.systemalarm.ConstraintProxy$NetworkStateProxy"
161-->[androidx.work:work-runtime:2.10.0] AndroidManifest.xml:101:13-103
162            android:directBootAware="false"
162-->[androidx.work:work-runtime:2.10.0] AndroidManifest.xml:102:13-44
163            android:enabled="false"
163-->[androidx.work:work-runtime:2.10.0] AndroidManifest.xml:103:13-36
164            android:exported="false" >
164-->[androidx.work:work-runtime:2.10.0] AndroidManifest.xml:104:13-37
165            <intent-filter>
165-->[androidx.work:work-runtime:2.10.0] AndroidManifest.xml:106:13-108:29
166                <action android:name="android.net.conn.CONNECTIVITY_CHANGE" />
166-->[androidx.work:work-runtime:2.10.0] AndroidManifest.xml:107:17-79
166-->[androidx.work:work-runtime:2.10.0] AndroidManifest.xml:107:25-76
167            </intent-filter>
168        </receiver>
169        <receiver
169-->[androidx.work:work-runtime:2.10.0] AndroidManifest.xml:110:9-121:20
170            android:name="androidx.work.impl.background.systemalarm.RescheduleReceiver"
170-->[androidx.work:work-runtime:2.10.0] AndroidManifest.xml:111:13-88
171            android:directBootAware="false"
171-->[androidx.work:work-runtime:2.10.0] AndroidManifest.xml:112:13-44
172            android:enabled="false"
172-->[androidx.work:work-runtime:2.10.0] AndroidManifest.xml:113:13-36
173            android:exported="false" >
173-->[androidx.work:work-runtime:2.10.0] AndroidManifest.xml:114:13-37
174            <intent-filter>
174-->[androidx.work:work-runtime:2.10.0] AndroidManifest.xml:116:13-120:29
175                <action android:name="android.intent.action.BOOT_COMPLETED" />
175-->src/main/AndroidManifest.xml:59:17-79
175-->src/main/AndroidManifest.xml:59:25-76
176                <action android:name="android.intent.action.TIME_SET" />
176-->src/main/AndroidManifest.xml:63:17-73
176-->src/main/AndroidManifest.xml:63:25-70
177                <action android:name="android.intent.action.TIMEZONE_CHANGED" />
177-->src/main/AndroidManifest.xml:62:17-81
177-->src/main/AndroidManifest.xml:62:25-78
178            </intent-filter>
179        </receiver>
180        <receiver
180-->[androidx.work:work-runtime:2.10.0] AndroidManifest.xml:122:9-131:20
181            android:name="androidx.work.impl.background.systemalarm.ConstraintProxyUpdateReceiver"
181-->[androidx.work:work-runtime:2.10.0] AndroidManifest.xml:123:13-99
182            android:directBootAware="false"
182-->[androidx.work:work-runtime:2.10.0] AndroidManifest.xml:124:13-44
183            android:enabled="@bool/enable_system_alarm_service_default"
183-->[androidx.work:work-runtime:2.10.0] AndroidManifest.xml:125:13-72
184            android:exported="false" >
184-->[androidx.work:work-runtime:2.10.0] AndroidManifest.xml:126:13-37
185            <intent-filter>
185-->[androidx.work:work-runtime:2.10.0] AndroidManifest.xml:128:13-130:29
186                <action android:name="androidx.work.impl.background.systemalarm.UpdateProxies" />
186-->[androidx.work:work-runtime:2.10.0] AndroidManifest.xml:129:17-98
186-->[androidx.work:work-runtime:2.10.0] AndroidManifest.xml:129:25-95
187            </intent-filter>
188        </receiver>
189        <receiver
189-->[androidx.work:work-runtime:2.10.0] AndroidManifest.xml:132:9-142:20
190            android:name="androidx.work.impl.diagnostics.DiagnosticsReceiver"
190-->[androidx.work:work-runtime:2.10.0] AndroidManifest.xml:133:13-78
191            android:directBootAware="false"
191-->[androidx.work:work-runtime:2.10.0] AndroidManifest.xml:134:13-44
192            android:enabled="true"
192-->[androidx.work:work-runtime:2.10.0] AndroidManifest.xml:135:13-35
193            android:exported="true"
193-->[androidx.work:work-runtime:2.10.0] AndroidManifest.xml:136:13-36
194            android:permission="android.permission.DUMP" >
194-->[androidx.work:work-runtime:2.10.0] AndroidManifest.xml:137:13-57
195            <intent-filter>
195-->[androidx.work:work-runtime:2.10.0] AndroidManifest.xml:139:13-141:29
196                <action android:name="androidx.work.diagnostics.REQUEST_DIAGNOSTICS" />
196-->[androidx.work:work-runtime:2.10.0] AndroidManifest.xml:140:17-88
196-->[androidx.work:work-runtime:2.10.0] AndroidManifest.xml:140:25-85
197            </intent-filter>
198        </receiver>
199
200        <service
200-->[com.google.firebase:firebase-auth-ktx:23.1.0] AndroidManifest.xml:8:9-14:19
201            android:name="com.google.firebase.components.ComponentDiscoveryService"
201-->[com.google.firebase:firebase-auth-ktx:23.1.0] AndroidManifest.xml:9:13-84
202            android:directBootAware="true"
202-->[com.google.firebase:firebase-common:21.0.0] AndroidManifest.xml:32:13-43
203            android:exported="false" >
203-->[com.google.firebase:firebase-auth-ktx:23.1.0] AndroidManifest.xml:10:13-37
204            <meta-data
204-->[com.google.firebase:firebase-auth-ktx:23.1.0] AndroidManifest.xml:11:13-13:85
205                android:name="com.google.firebase.components:com.google.firebase.auth.ktx.FirebaseAuthLegacyRegistrar"
205-->[com.google.firebase:firebase-auth-ktx:23.1.0] AndroidManifest.xml:12:17-119
206                android:value="com.google.firebase.components.ComponentRegistrar" />
206-->[com.google.firebase:firebase-auth-ktx:23.1.0] AndroidManifest.xml:13:17-82
207            <meta-data
207-->[com.google.firebase:firebase-auth:23.1.0] AndroidManifest.xml:69:13-71:85
208                android:name="com.google.firebase.components:com.google.firebase.auth.FirebaseAuthRegistrar"
208-->[com.google.firebase:firebase-auth:23.1.0] AndroidManifest.xml:70:17-109
209                android:value="com.google.firebase.components.ComponentRegistrar" />
209-->[com.google.firebase:firebase-auth:23.1.0] AndroidManifest.xml:71:17-82
210            <meta-data
210-->[com.google.firebase:firebase-firestore-ktx:25.1.1] AndroidManifest.xml:12:13-14:85
211                android:name="com.google.firebase.components:com.google.firebase.firestore.ktx.FirebaseFirestoreLegacyRegistrar"
211-->[com.google.firebase:firebase-firestore-ktx:25.1.1] AndroidManifest.xml:13:17-129
212                android:value="com.google.firebase.components.ComponentRegistrar" />
212-->[com.google.firebase:firebase-firestore-ktx:25.1.1] AndroidManifest.xml:14:17-82
213            <meta-data
213-->[com.google.firebase:firebase-firestore:25.1.1] AndroidManifest.xml:17:13-19:85
214                android:name="com.google.firebase.components:com.google.firebase.firestore.FirebaseFirestoreKtxRegistrar"
214-->[com.google.firebase:firebase-firestore:25.1.1] AndroidManifest.xml:18:17-122
215                android:value="com.google.firebase.components.ComponentRegistrar" />
215-->[com.google.firebase:firebase-firestore:25.1.1] AndroidManifest.xml:19:17-82
216            <meta-data
216-->[com.google.firebase:firebase-firestore:25.1.1] AndroidManifest.xml:20:13-22:85
217                android:name="com.google.firebase.components:com.google.firebase.firestore.FirestoreRegistrar"
217-->[com.google.firebase:firebase-firestore:25.1.1] AndroidManifest.xml:21:17-111
218                android:value="com.google.firebase.components.ComponentRegistrar" />
218-->[com.google.firebase:firebase-firestore:25.1.1] AndroidManifest.xml:22:17-82
219            <meta-data
219-->[com.google.firebase:firebase-common-ktx:21.0.0] AndroidManifest.xml:12:13-14:85
220                android:name="com.google.firebase.components:com.google.firebase.ktx.FirebaseCommonLegacyRegistrar"
220-->[com.google.firebase:firebase-common-ktx:21.0.0] AndroidManifest.xml:13:17-116
221                android:value="com.google.firebase.components.ComponentRegistrar" />
221-->[com.google.firebase:firebase-common-ktx:21.0.0] AndroidManifest.xml:14:17-82
222            <meta-data
222-->[com.google.firebase:firebase-common:21.0.0] AndroidManifest.xml:35:13-37:85
223                android:name="com.google.firebase.components:com.google.firebase.FirebaseCommonKtxRegistrar"
223-->[com.google.firebase:firebase-common:21.0.0] AndroidManifest.xml:36:17-109
224                android:value="com.google.firebase.components.ComponentRegistrar" />
224-->[com.google.firebase:firebase-common:21.0.0] AndroidManifest.xml:37:17-82
225        </service>
226
227        <activity
227-->[com.google.firebase:firebase-auth:23.1.0] AndroidManifest.xml:29:9-46:20
228            android:name="com.google.firebase.auth.internal.GenericIdpActivity"
228-->[com.google.firebase:firebase-auth:23.1.0] AndroidManifest.xml:30:13-80
229            android:excludeFromRecents="true"
229-->[com.google.firebase:firebase-auth:23.1.0] AndroidManifest.xml:31:13-46
230            android:exported="true"
230-->[com.google.firebase:firebase-auth:23.1.0] AndroidManifest.xml:32:13-36
231            android:launchMode="singleTask"
231-->[com.google.firebase:firebase-auth:23.1.0] AndroidManifest.xml:33:13-44
232            android:theme="@android:style/Theme.Translucent.NoTitleBar" >
232-->[com.google.firebase:firebase-auth:23.1.0] AndroidManifest.xml:34:13-72
233            <intent-filter>
233-->[com.google.firebase:firebase-auth:23.1.0] AndroidManifest.xml:35:13-45:29
234                <action android:name="android.intent.action.VIEW" />
234-->[com.google.firebase:firebase-auth:23.1.0] AndroidManifest.xml:36:17-69
234-->[com.google.firebase:firebase-auth:23.1.0] AndroidManifest.xml:36:25-66
235
236                <category android:name="android.intent.category.DEFAULT" />
236-->[com.google.firebase:firebase-auth:23.1.0] AndroidManifest.xml:38:17-76
236-->[com.google.firebase:firebase-auth:23.1.0] AndroidManifest.xml:38:27-73
237                <category android:name="android.intent.category.BROWSABLE" />
237-->[com.google.firebase:firebase-auth:23.1.0] AndroidManifest.xml:39:17-78
237-->[com.google.firebase:firebase-auth:23.1.0] AndroidManifest.xml:39:27-75
238
239                <data
239-->[com.google.firebase:firebase-auth:23.1.0] AndroidManifest.xml:41:17-44:51
240                    android:host="firebase.auth"
240-->[com.google.firebase:firebase-auth:23.1.0] AndroidManifest.xml:42:21-49
241                    android:path="/"
241-->[com.google.firebase:firebase-auth:23.1.0] AndroidManifest.xml:43:21-37
242                    android:scheme="genericidp" />
242-->[com.google.firebase:firebase-auth:23.1.0] AndroidManifest.xml:44:21-48
243            </intent-filter>
244        </activity>
245        <activity
245-->[com.google.firebase:firebase-auth:23.1.0] AndroidManifest.xml:47:9-64:20
246            android:name="com.google.firebase.auth.internal.RecaptchaActivity"
246-->[com.google.firebase:firebase-auth:23.1.0] AndroidManifest.xml:48:13-79
247            android:excludeFromRecents="true"
247-->[com.google.firebase:firebase-auth:23.1.0] AndroidManifest.xml:49:13-46
248            android:exported="true"
248-->[com.google.firebase:firebase-auth:23.1.0] AndroidManifest.xml:50:13-36
249            android:launchMode="singleTask"
249-->[com.google.firebase:firebase-auth:23.1.0] AndroidManifest.xml:51:13-44
250            android:theme="@android:style/Theme.Translucent.NoTitleBar" >
250-->[com.google.firebase:firebase-auth:23.1.0] AndroidManifest.xml:52:13-72
251            <intent-filter>
251-->[com.google.firebase:firebase-auth:23.1.0] AndroidManifest.xml:53:13-63:29
252                <action android:name="android.intent.action.VIEW" />
252-->[com.google.firebase:firebase-auth:23.1.0] AndroidManifest.xml:36:17-69
252-->[com.google.firebase:firebase-auth:23.1.0] AndroidManifest.xml:36:25-66
253
254                <category android:name="android.intent.category.DEFAULT" />
254-->[com.google.firebase:firebase-auth:23.1.0] AndroidManifest.xml:38:17-76
254-->[com.google.firebase:firebase-auth:23.1.0] AndroidManifest.xml:38:27-73
255                <category android:name="android.intent.category.BROWSABLE" />
255-->[com.google.firebase:firebase-auth:23.1.0] AndroidManifest.xml:39:17-78
255-->[com.google.firebase:firebase-auth:23.1.0] AndroidManifest.xml:39:27-75
256
257                <data
257-->[com.google.firebase:firebase-auth:23.1.0] AndroidManifest.xml:41:17-44:51
258                    android:host="firebase.auth"
258-->[com.google.firebase:firebase-auth:23.1.0] AndroidManifest.xml:42:21-49
259                    android:path="/"
259-->[com.google.firebase:firebase-auth:23.1.0] AndroidManifest.xml:43:21-37
260                    android:scheme="recaptcha" />
260-->[com.google.firebase:firebase-auth:23.1.0] AndroidManifest.xml:44:21-48
261            </intent-filter>
262        </activity>
263
264        <service
264-->[androidx.credentials:credentials-play-services-auth:1.2.0-rc01] AndroidManifest.xml:24:9-32:19
265            android:name="androidx.credentials.playservices.CredentialProviderMetadataHolder"
265-->[androidx.credentials:credentials-play-services-auth:1.2.0-rc01] AndroidManifest.xml:25:13-94
266            android:enabled="true"
266-->[androidx.credentials:credentials-play-services-auth:1.2.0-rc01] AndroidManifest.xml:26:13-35
267            android:exported="false" >
267-->[androidx.credentials:credentials-play-services-auth:1.2.0-rc01] AndroidManifest.xml:27:13-37
268            <meta-data
268-->[androidx.credentials:credentials-play-services-auth:1.2.0-rc01] AndroidManifest.xml:29:13-31:104
269                android:name="androidx.credentials.CREDENTIAL_PROVIDER_KEY"
269-->[androidx.credentials:credentials-play-services-auth:1.2.0-rc01] AndroidManifest.xml:30:17-76
270                android:value="androidx.credentials.playservices.CredentialProviderPlayServicesImpl" />
270-->[androidx.credentials:credentials-play-services-auth:1.2.0-rc01] AndroidManifest.xml:31:17-101
271        </service>
272
273        <activity